"../../../Engine/Content/Functions/Engine_MaterialFunctions01/Opacity/CameraDepthFade.uasset" 0
"../../../Engine/Content/EngineMaterials/T_Default_Material_Grid_M.uasset" 1
"../../../Engine/Content/EngineMaterials/T_Default_Material_Grid_N.uasset" 2
"../../../Engine/Content/EngineMaterials/WorldGridMaterial.uasset" 3
"../../../Engine/Content/ArtTools/RenderToTexture/Meshes/S_1_Unit_Plane.uasset" 4
"../../../Engine/Content/BasicShapes/Plane.uasset" 5
"../../../Engine/Content/EngineMaterials/DefaultMaterial.uasset" 6
"../../../Engine/Content/BasicShapes/Sphere.uasset" 7
"../../../Engine/Content/EditorLandscapeResources/DataLayer.uasset" 8
"../../../Engine/Content/EditorLandscapeResources/DefaultAlphaTexture.uasset" 9
"../../../Engine/Content/EditorMaterials/MAT_Groups_Toggle.uasset" 10
"../../../Engine/Content/EditorMaterials/MAT_Groups_Visibility.uasset" 11
"../../../Engine/Content/EditorMaterials/PreviewShadowIndicator.uasset" 12
"../../../Engine/Content/EditorMaterials/PreviewShadowIndicatorMaterial.uasset" 13
"../../../Engine/Content/EditorMaterials/MatineeGroups/MAT_ColorTrack.uasset" 14
"../../../Engine/Content/EditorMaterials/MatineeGroups/MAT_Groups_Anim.uasset" 15
"../../../Engine/Content/EditorMaterials/MatineeGroups/MAT_Groups_AudioMaster.uasset" 16
"../../../Engine/Content/EditorMaterials/MatineeGroups/MAT_Groups_Director.uasset" 17
"../../../Engine/Content/EditorMaterials/MatineeGroups/MAT_Groups_Event.uasset" 18
"../../../Engine/Content/EditorMaterials/MatineeGroups/MAT_Groups_Fade.uasset" 19
"../../../Engine/Content/EditorMaterials/MatineeGroups/MAT_Groups_Float.uasset" 20
"../../../Engine/Content/EditorMaterials/MatineeGroups/MAT_Groups_Move.uasset" 21
"../../../Engine/Content/EditorMaterials/MatineeGroups/MAT_Groups_Slomo.uasset" 22
"../../../Engine/Content/EditorMaterials/MatineeGroups/MAT_Groups_Sound.uasset" 23
"../../../Engine/Content/EditorMaterials/MatineeGroups/MAT_Groups_Vector.uasset" 24
"../../../Engine/Content/EditorMaterials/ParticleSystems/PSysThumbnail_NoImage.uasset" 25
"../../../Engine/Content/EditorMaterials/ParticleSystems/PSysThumbnail_OOD.uasset" 26
"../../../Engine/Content/EditorMaterials/Camera/CineMat.uasset" 27
"../../../Engine/Content/EditorMaterials/Camera/MI_CineMat_Rig.uasset" 28
"../../../Engine/Content/EditorMeshes/Camera/SM_CraneRig_Arm.uasset" 29
"../../../Engine/Content/EditorMeshes/Camera/SM_CraneRig_Base.uasset" 30
"../../../Engine/Content/EditorMeshes/Camera/SM_CraneRig_Body.uasset" 31
"../../../Engine/Content/EditorMeshes/Camera/SM_CraneRig_Mount.uasset" 32
"../../../Engine/Content/EditorMeshes/Camera/SM_RailRig_Mount.uasset" 33
"../../../Engine/Content/EditorMeshes/Camera/SM_RailRig_Track.uasset" 34
"../../../Engine/Content/EditorResources/BSPVertex.uasset" 35
"../../../Engine/Content/EditorResources/EmptyActor.uasset" 36
"../../../Engine/Content/EditorResources/S_Actor.uasset" 37
"../../../Engine/Content/EditorResources/S_Note.uasset" 38
"../../../Engine/Content/EditorResources/S_Solver.uasset" 39
"../../../Engine/Content/EditorResources/S_Terrain.uasset" 40
"../../../Engine/Content/EditorResources/S_Trigger.uasset" 41
"../../../Engine/Content/EditorResources/LightIcons/S_LightError.uasset" 42
"../../../Engine/Content/EditorResources/SequenceRecorder/Countdown.uasset" 43
"../../../Engine/Content/EditorResources/SequenceRecorder/RecordingIndicator.uasset" 44
"../../../Engine/Content/EngineDamageTypes/DmgTypeBP_Environmental.uasset" 45
"../../../Engine/Content/EngineDebugMaterials/DebugEditorMaterial.uasset" 46
"../../../Engine/Content/EngineDebugMaterials/DebugMeshMaterial.uasset" 47
"../../../Engine/Content/EngineDebugMaterials/M_SimpleUnlitTranslucent.uasset" 48
"../../../Engine/Content/EngineDebugMaterials/VolumeToRender.uasset" 49
"../../../Engine/Content/Functions/Engine_MaterialFunctions02/Utility/CameraDirectionVector.uasset" 50
"../../../Engine/Content/EngineDebugMaterials/M_VolumeRenderSphereTracePP.uasset" 51
"../../../Engine/Content/Functions/Engine_MaterialFunctions01/Shading/ConvertFromDiffSpec.uasset" 52
"../../../Engine/Content/EngineDebugMaterials/VertexColorMaterial.uasset" 53
"../../../Engine/Content/EngineDebugMaterials/WireframeMaterial.uasset" 54
"../../../Engine/Content/EngineFonts/Faces/RobotoRegular.uasset" 55
"../../../Engine/Content/EngineFonts/Faces/RobotoLight.uasset" 56
"../../../Engine/Content/EngineFonts/Faces/RobotoItalic.uasset" 57
"../../../Engine/Content/EngineFonts/Faces/RobotoBoldItalic.uasset" 58
"../../../Engine/Content/EngineFonts/Faces/RobotoBold.uasset" 59
"../../../Engine/Content/EngineFonts/Faces/DroidSansFallback.uasset" 60
"../../../Engine/Content/EngineFonts/Roboto.uasset" 61
"../../../Engine/Content/EngineMaterials/BaseFlattenGrayscaleMap.uasset" 62
"../../../Engine/Content/EngineMaterials/BaseFlattenEmissiveMap.uasset" 63
"../../../Engine/Content/EngineMaterials/BaseFlattenDiffuseMap.uasset" 64
"../../../Engine/Content/EngineMaterials/BaseFlattenNormalMap.uasset" 65
"../../../Engine/Content/EngineMaterials/BaseFlattenMaterial.uasset" 66
"../../../Engine/Content/EngineMaterials/BlueNoise.uasset" 67
"../../../Engine/Content/EngineMaterials/DefaultBloomKernel.uasset" 68
"../../../Engine/Content/EngineMaterials/DefaultBokeh.uasset" 69
"../../../Engine/Content/EngineMaterials/DefaultDiffuse.uasset" 70
"../../../Engine/Content/EngineMaterials/DefaultDeferredDecalMaterial.uasset" 71
"../../../Engine/Content/EngineMaterials/DefaultLightFunctionMaterial.uasset" 72
"../../../Engine/Content/EngineMaterials/DefaultPhysicalMaterial.uasset" 73
"../../../Engine/Content/Functions/Engine_MaterialFunctions02/Utility/BreakOutFloat2Components.uasset" 74
"../../../Engine/Content/EngineMaterials/DefaultPostProcessMaterial.uasset" 75
"../../../Engine/Content/EngineFonts/RobotoDistanceField.uasset" 76
"../../../Engine/Content/EngineMaterials/DefaultTextMaterialOpaque.uasset" 77
"../../../Engine/Content/EngineMaterials/DefaultWhiteGrid.uasset" 78
"../../../Engine/Content/EngineMaterials/DefaultWhiteGrid_Low.uasset" 79
"../../../Engine/Content/EngineMaterials/EmissiveMeshMaterial.uasset" 80
"../../../Engine/Content/EngineMaterials/GizmoMaterial.uasset" 81
"../../../Engine/Content/EngineMaterials/MiniFont.uasset" 82
"../../../Engine/Content/EngineMaterials/InvalidLightmapSettings.uasset" 83
"../../../Engine/Content/EngineMaterials/M_InvalidLightmapSettings.uasset" 84
"../../../Engine/Content/Functions/Engine_MaterialFunctions02/WorldPositionOffset/CameraOffset.uasset" 85
"../../../Engine/Content/EngineMaterials/PhAT_JointLimitMaterial.uasset" 86
"../../../Engine/Content/EngineMaterials/PreintegratedSkinBRDF.uasset" 87
"../../../Engine/Content/EngineMaterials/RemoveSurfaceMaterial.uasset" 88
"../../../Engine/Content/EngineMaterials/WeightMapPlaceholderTexture.uasset" 89
"../../../Engine/Content/EngineResources/WhiteSquareTexture.uasset" 90
"../../../Engine/Content/EngineMaterials/Widget3DPassThrough.uasset" 91
"../../../Engine/Content/EngineMaterials/Widget3DPassThrough_Masked.uasset" 92
"../../../Engine/Content/EngineMaterials/Widget3DPassThrough_Opaque.uasset" 93
"../../../Engine/Content/EngineMaterials/Widget3DPassThrough_Masked_OneSided.uasset" 94
"../../../Engine/Content/EngineMaterials/Widget3DPassThrough_Opaque_OneSided.uasset" 95
"../../../Engine/Content/EngineMaterials/Widget3DPassThrough_Translucent.uasset" 96
"../../../Engine/Content/EngineMaterials/Widget3DPassThrough_Translucent_OneSided.uasset" 97
"../../../Engine/Content/EngineMeshes/Cylinder.uasset" 98
"../../../Engine/Content/EngineMeshes/Sphere.uasset" 99
"../../../Engine/Content/EngineResources/Black.uasset" 100
"../../../Engine/Content/EngineResources/DefaultTextureCube.uasset" 101
"../../../Engine/Content/EngineResources/DefaultVolumeTexture2D.uasset" 102
"../../../Engine/Content/EngineResources/DefaultVolumeTexture.uasset" 103
"../../../Engine/Content/EngineResources/GradientTexture0.uasset" 104
"../../../Engine/Content/EngineSky/VolumetricClouds/T_NoiseShape64.uasset" 105
"../../../Engine/Content/EngineSky/VolumetricClouds/T_VolumeNoiseShape64.uasset" 106
"../../../Engine/Content/EngineSky/VolumetricClouds/T_NoiseErosion.uasset" 107
"../../../Engine/Content/EngineSky/VolumetricClouds/T_VolumeNoiseErosion32.uasset" 108
"../../../Engine/Content/EngineSky/VolumetricClouds/CloudWeatherTexture.uasset" 109
"../../../Engine/Content/EngineSky/VolumetricClouds/CloudGradientTexture.uasset" 110
"../../../Engine/Content/Functions/Engine_MaterialFunctions02/Utility/MakeFloat2.uasset" 111
"../../../Engine/Content/EngineSky/VolumetricClouds/m_SimpleVolumetricCloud.uasset" 112
"../../../Engine/Content/EngineSky/VolumetricClouds/m_SimpleVolumetricCloud_Inst.uasset" 113
"../../../Engine/Content/EngineSounds/Master.uasset" 114
"../../../Engine/Content/Functions/Engine_MaterialFunctions01/Shading/PowerToRoughness.uasset" 115
"../../../Engine/Content/Maps/Templates/Thumbnails/Default.uasset" 116
"../../../Engine/Content/Maps/Templates/Thumbnails/TimeOfDay.uasset" 117
"../../../Engine/Content/Maps/Templates/Thumbnails/VR-Basic.uasset" 118
"../../../Engine/Content/MobileResources/T_MobileControls_texture.uasset" 119
"../../../Engine/Content/MobileResources/T_MobileMenu2.uasset" 120
"../../../Engine/Content/MobileResources/HUD/AnalogHat.uasset" 121
"../../../Engine/Content/MobileResources/HUD/VirtualJoystick_Thumb.uasset" 122
"../../../Engine/Content/MobileResources/HUD/VirtualJoystick_Background.uasset" 123
"../../../Engine/Content/MobileResources/HUD/DefaultVirtualJoysticks.uasset" 124
"../../../Engine/Content/MobileResources/HUD/LeftVirtualJoystickOnly.uasset" 125
"../../../Engine/Content/MobileResources/HUD/MobileHUDButton1_off.uasset" 126
"../../../Engine/Content/MobileResources/HUD/MobileHUDButton1_on.uasset" 127
"../../../Engine/Content/MobileResources/HUD/MobileHUDButton2_off.uasset" 128
"../../../Engine/Content/MobileResources/HUD/MobileHUDButton2_on.uasset" 129
"../../../Engine/Content/MobileResources/HUD/MobileHUDButton3.uasset" 130
"../../../Engine/Content/MobileResources/HUD/MobileHUDButtonFire.uasset" 131
"../../../Engine/Content/MobileResources/HUD/MobileHUDDirectionPad.uasset" 132
"../../../Engine/Content/MobileResources/HUD/MobileHUDDirectionPad2.uasset" 133
"../../../Engine/Content/MobileResources/HUD/MobileHUDDirectionPad3.uasset" 134
"../../../Engine/Content/MobileResources/HUD/MobileHUDDirectionStick.uasset" 135
"../../../Engine/Content/MobileResources/HUD/T_Castle_ThumbstickInner.uasset" 136
"../../../Engine/Content/MobileResources/HUD/T_Castle_ThumbstickOutter.uasset" 137
"../../../Engine/Content/Tutorial/ContentIntroCurve.uasset" 138
"../../../Engine/Content/Tutorial/Basics/LevelEditorAttract.uasset" 139
"../../../Engine/Content/Tutorial/Basics/TutorialAssets/icon_tab_Levels_40x.uasset" 140
"../../../Engine/Content/Tutorial/Basics/LevelEditorOverview.uasset" 141
"../../../Engine/Content/Tutorial/BlueprintTutorials/TutorialAssets/Blueprint_64x.uasset" 142
"../../../Engine/Content/Tutorial/BlueprintTutorials/BlueprintEditorTutorial.uasset" 143
"../../../Engine/Content/Tutorial/SubEditors/MaterialEditorTutorial.uasset" 144
"../../../Engine/Content/Tutorial/SubEditors/TutorialAssets/TutorialMaterial.uasset" 145
"../../../Engine/Content/VREditor/TransformGizmo/TranslucentTransformGizmoMaterial.uasset" 146
"../../../Engine/Content/VREditor/LaserPointer/VR_LaserPower_01.uasset" 147
"../../../Engine/Content/VREditor/TransformGizmo/TransformGizmoMaterial.uasset" 148
"../../../Engine/Content/VREditor/TransformGizmo/BoundingBoxCorner.uasset" 149
"../../../Engine/Content/VREditor/TransformGizmo/BoundingBoxEdge.uasset" 150
"../../../Engine/Content/VREditor/TransformGizmo/PlaneTranslationHandle.uasset" 151
"../../../Engine/Content/VREditor/TransformGizmo/Xray.uasset" 152
"../../../Engine/Content/VREditor/TransformGizmo/Main.uasset" 153
"../../../Engine/Content/VREditor/TransformGizmo/SM_Sequencer_Key.uasset" 154
"../../../Engine/Content/VREditor/TransformGizmo/SM_Sequencer_Node.uasset" 155
"../../Plugins/2D/Paper2D/Content/PlaceholderTextures/DummySpriteTexture.uasset" 156
"../../Plugins/2D/Paper2D/Content/DummySprite.uasset" 157
"../../Plugins/2D/Paper2D/Content/DefaultPaperTerrainMaterial.uasset" 158
"../../Plugins/2D/Paper2D/Content/DefaultSpriteMaterial.uasset" 159
"../../Plugins/2D/Paper2D/Content/MaskedUnlitSpriteMaterial.uasset" 160
"../../Plugins/2D/Paper2D/Content/OpaqueUnlitSpriteMaterial.uasset" 161
"../../../Engine/Content/Functions/Engine_MaterialFunctions02/Utility/BreakOutFloat3Components.uasset" 162
"../../Plugins/Editor/SpeedTreeImporter/Content/SpeedTree9/UnpackInteger3.uasset" 163
"../../Plugins/Editor/SpeedTreeImporter/Content/SpeedTree9/UnpackDirection.uasset" 164
"../../Plugins/Editor/SpeedTreeImporter/Content/SpeedTree9/game_wind_noise.uasset" 165
"../../../Engine/Content/Functions/Engine_MaterialFunctions02/SafeNormalize.uasset" 166
"../../Plugins/Editor/SpeedTreeImporter/Content/SpeedTree9/SpeedTreeWindMotion.uasset" 167
"../../Plugins/Editor/SpeedTreeImporter/Content/SpeedTree9/SpeedTreeBranchMotion.uasset" 168
"../../../Engine/Content/Functions/Engine_MaterialFunctions02/ObjectLocalBounds.uasset" 169
"../../../Engine/Content/Functions/Engine_MaterialFunctions02/UVs/BoundingBoxBased_0-1_UVW.uasset" 170
"../../Plugins/Editor/SpeedTreeImporter/Content/SpeedTree9/SpeedTreeWind.uasset" 171
"../../Plugins/Editor/SpeedTreeImporter/Content/SpeedTree9/SpeedTreeBillboard.uasset" 172
"../../../Engine/Content/EngineResources/DefaultTexture.uasset" 173
"../../Plugins/Editor/SpeedTreeImporter/Content/SpeedTree9/SpeedTreeBillboardMaster.uasset" 174
"../../Plugins/Editor/SpeedTreeImporter/Content/SpeedTree9/SpeedTreeCameraFacing.uasset" 175
"../../Plugins/Editor/SpeedTreeImporter/Content/SpeedTree9/SpeedTreeMaster.uasset" 176
"../../../Engine/Content/BasicShapes/Cylinder.uasset" 177
"../../../Engine/Content/ArtTools/RenderToTexture/Materials/Debug/M_Emissive_Color.uasset" 178
"../../Plugins/Lumin/MagicLeapPassableWorld/Content/MagicLeapARPinInfoActor.uasset" 179
"../../../Engine/Content/Functions/Engine_MaterialFunctions02/Utility/BreakOutFloat4Components.uasset" 180
"../../../Engine/Content/Functions/Engine_MaterialFunctions02/Utility/MakeFloat3.uasset" 181
"../../Plugins/Runtime/Oculus/OculusVR/Content/Materials/OculusMR_ChromaKey.uasset" 182
"../../Plugins/Runtime/Oculus/OculusVR/Content/Materials/OculusMR_OpaqueColoredMaterial.uasset" 183
"../../Plugins/Runtime/Oculus/OculusVR/Content/Materials/PokeAHoleMaterial.uasset" 184
"../../../../../../GameDev/Unreal/WesternShooter/Content/_Game/HUD/MainMenuLevel_BuiltData.uasset" 185
"../../../../../../GameDev/Unreal/WesternShooter/Content/_Game/HUD/MainMenuWidgetBP.uasset" 186
"../../../../../../GameDev/Unreal/WesternShooter/Content/_Game/FX/Textures/AmmoIcons/vertical-line-outlined.uasset" 187
"../../../../../../GameDev/Unreal/WesternShooter/Content/_Game/FX/Fonts/FETTE___.uasset" 188
"../../../../../../GameDev/Unreal/WesternShooter/Content/_Game/FX/Fonts/FETTE____Font.uasset" 189
"../../../../../../GameDev/Unreal/WesternShooter/Content/_Game/HUD/PauseMenuWidgetBP.uasset" 190
"../../../../../../GameDev/Unreal/WesternShooter/Content/_Game/FX/VFX/SmokeBeam/Beam.uasset" 191
"../../../../../../GameDev/Unreal/WesternShooter/Content/_Game/FX/VFX/SmokeBeam/M_Beam_Faded.uasset" 192
"../../../../../../GameDev/Unreal/WesternShooter/Content/_Game/FX/VFX/SmokeBeam/C_SmokeTrail_Faded.uasset" 193
"../../../../../../GameDev/Unreal/WesternShooter/Content/ParagonLtBelica/FX/Textures/Sparks/T_SparkSingle.uasset" 194
"../../../../../../GameDev/Unreal/WesternShooter/Content/ParagonLtBelica/FX/Textures/Sparks/T_Spark_Soft.uasset" 195
"../../../Engine/Content/Engine_MI_Shaders/Textures/Bokeh.uasset" 196
"../../../Engine/Content/Functions/Engine_MaterialFunctions01/Coordinates/WorldUnitsInPixel.uasset" 197
"../../../Engine/Content/Functions/Engine_MaterialFunctions01/Coordinates/PixelInWorldUnits.uasset" 198
"../../../Engine/Content/Functions/Engine_MaterialFunctions03/Particles/ParticleDOF.uasset" 199
"../../../../../../GameDev/Unreal/WesternShooter/Content/ParagonLtBelica/FX/Materials/Functions/MF_ParticleRandomSize.uasset" 200
"../../../../../../GameDev/Unreal/WesternShooter/Content/ParagonLtBelica/FX/Materials/Functions/MF_CameraDistanceFade.uasset" 201
"../../../Engine/Content/Functions/Engine_MaterialFunctions01/ImageAdjustment/DeriveHDRfromLDR.uasset" 202
"../../../../../../GameDev/Unreal/WesternShooter/Content/ParagonLtBelica/FX/Materials/Sparks/M_Hotdog_Spark_VLerp_DOF_Rand_ScaleDistanceMaster.uasset" 203
"../../../../../../GameDev/Unreal/WesternShooter/Content/ParagonLtBelica/FX/Materials/Sparks/M_Hotdog_Spark_VLerp_DOF_Rand_Master.uasset" 204
"../../../../../../GameDev/Unreal/WesternShooter/Content/ParagonLtBelica/FX/Textures/Smoke/T_WispySmoke_V2_NRM.uasset" 205
"../../../../../../GameDev/Unreal/WesternShooter/Content/ParagonLtBelica/FX/Textures/Smoke/T_WispySmoke_V2_OCC+Alpha.uasset" 206
"../../../Engine/Content/Functions/Engine_MaterialFunctions01/Texturing/FlattenNormal.uasset" 207
"../../../../../../GameDev/Unreal/WesternShooter/Content/ParagonLtBelica/FX/Materials/Smoke/WispySmokeSoft/M_WispySmokeCheap.uasset" 208
"../../../../../../GameDev/Unreal/WesternShooter/Content/ParagonLtBelica/FX/Textures/Sparks/T_SparksPhoto.uasset" 209
"../../../Engine/Content/Functions/Engine_MaterialFunctions02/HueShift.uasset" 210
"../../../../../../GameDev/Unreal/WesternShooter/Content/ParagonLtBelica/FX/Materials/Heroes/Belica/Abilities/M_SparksPhoto.uasset" 211
"../../../../../../GameDev/Unreal/WesternShooter/Content/ParagonLtBelica/FX/Textures/Smoke/T_dust_burst_01.uasset" 212
"../../../../../../GameDev/Unreal/WesternShooter/Content/ParagonLtBelica/FX/Materials/MaterialFunctions/Textures/Noise/T_AtmosphericCloudNoise01.uasset" 213
"../../../../../../GameDev/Unreal/WesternShooter/Content/ParagonLtBelica/FX/Materials/Heroes/Belica/Abilities/M_DustHit.uasset" 214
"../../../../../../GameDev/Unreal/WesternShooter/Content/ParagonLtBelica/FX/Textures/Smoke/T_SmokeJet_Element_01.uasset" 215
"../../../../../../GameDev/Unreal/WesternShooter/Content/ParagonLtBelica/FX/Textures/Smoke/T_ImpactDust_01_N.uasset" 216
"../../../../../../GameDev/Unreal/WesternShooter/Content/ParagonLtBelica/FX/Textures/Smoke/T_ImpactDust_01.uasset" 217
"../../../../../../GameDev/Unreal/WesternShooter/Content/ParagonLtBelica/FX/Materials/Heroes/Belica/Abilities/M_BelicaMuzzleSmoke.uasset" 218
"../../../../../../GameDev/Unreal/WesternShooter/Content/ParagonLtBelica/FX/Textures/Flares/T_Flare_Spikeball.uasset" 219
"../../../../../../GameDev/Unreal/WesternShooter/Content/ParagonLtBelica/FX/Materials/Functions/MF_FX_EmissiveModulate.uasset" 220
"../../../../../../GameDev/Unreal/WesternShooter/Content/ParagonLtBelica/FX/Materials/Heroes/M_ArrowFlare.uasset" 221
"../../../../../../GameDev/Unreal/WesternShooter/Content/ParagonLtBelica/FX/Textures/Debris/T_Debris_Blur_A.uasset" 222
"../../../../../../GameDev/Unreal/WesternShooter/Content/ParagonLtBelica/FX/Textures/Debris/T_Debris_Blur.uasset" 223
"../../../../../../GameDev/Unreal/WesternShooter/Content/ParagonLtBelica/FX/Textures/Debris/T_Debris.uasset" 224
"../../../../../../GameDev/Unreal/WesternShooter/Content/ParagonLtBelica/FX/Materials/MaterialFunctions/ParameterCollections/OrionGlobalArtCollection.uasset" 225
"../../../../../../GameDev/Unreal/WesternShooter/Content/ParagonLtBelica/FX/Materials/Debris/M_Debris.uasset" 226
"../../../../../../GameDev/Unreal/WesternShooter/Content/ParagonLtBelica/FX/Materials/Debris/M_DirtTestInst.uasset" 227
"../../../../../../GameDev/Unreal/WesternShooter/Content/_Game/FX/VFX/C_HitWorld.uasset" 228
"../../../../../../GameDev/Unreal/WesternShooter/Content/_Game/Character/Meshes/Cowgirl_PhysicsAsset.uasset" 229
"../../../Engine/Content/EngineMeshes/Humanoid.uasset" 230
"../../../../../../GameDev/Unreal/WesternShooter/Content/_Game/Character/Meshes/Cowgirl_Skeleton.uasset" 231
"../../../../../../GameDev/Unreal/WesternShooter/Content/_Game/FX/Textures/Polygon/PolygonWestern_Texture_Metallic.uasset" 232
"../../../../../../GameDev/Unreal/WesternShooter/Content/_Game/FX/Textures/Polygon/PolygonWestern_Texture_01_A.uasset" 233
"../../../../../../GameDev/Unreal/WesternShooter/Content/_Game/Materials/Polygon/PolygonWestern_Material_01_A.uasset" 234
"../../../../../../GameDev/Unreal/WesternShooter/Content/_Game/Character/Meshes/Cowgirl.uasset" 235
"../../../../../../GameDev/Unreal/WesternShooter/Content/_Game/Materials/GlowMaterials/F_Item_Material.uasset" 236
"../../../../../../GameDev/Unreal/WesternShooter/Content/_Game/FX/Textures/HorizontalLines/HorizontalLines.uasset" 237
"../../../Engine/Content/Functions/Engine_MaterialFunctions02/ScreenResolution.uasset" 238
"../../../Engine/Content/Functions/Engine_MaterialFunctions01/Texturing/ScaleUVsByCenter.uasset" 239
"../../../Engine/Content/Functions/Engine_MaterialFunctions02/Texturing/ScreenAlignedUVs.uasset" 240
"../../../../../../GameDev/Unreal/WesternShooter/Content/_Game/Materials/GlowMaterials/F_Glow_Material.uasset" 241
"../../../../../../GameDev/Unreal/WesternShooter/Content/_Game/Materials/GlowMaterials/M_Item_Glow_Mat.uasset" 242
"../../../../../../GameDev/Unreal/WesternShooter/Content/_Game/Materials/GlowMaterials/M_Item_Glow_Mat_Inst.uasset" 243
"../../../../../../GameDev/Unreal/WesternShooter/Content/_Game/FX/SFX/Gun_Pickup_01.uasset" 244
"../../../../../../GameDev/Unreal/WesternShooter/Content/_Game/FX/SFX/Weapon_Pickup.uasset" 245
"../../../../../../GameDev/Unreal/WesternShooter/Content/_Game/FX/SFX/Assault_Rifle_Shot_15.uasset" 246
"../../../../../../GameDev/Unreal/WesternShooter/Content/_Game/FX/SFX/Assault_Rifle_Shot_14.uasset" 247
"../../../../../../GameDev/Unreal/WesternShooter/Content/_Game/FX/SFX/Assault_Rifle_Shot_13.uasset" 248
"../../../../../../GameDev/Unreal/WesternShooter/Content/_Game/FX/SFX/RandomRifleShot.uasset" 249
"../../../../../../GameDev/Unreal/WesternShooter/Content/_Game/FX/Textures/ButtonIcons/IconCircleOutlined2.uasset" 250
"../../../../../../GameDev/Unreal/WesternShooter/Content/_Game/FX/Textures/WeaponIcons/rifle.uasset" 251
"../../../Engine/Content/EditorBlueprintResources/StandardMacros.uasset" 252
"../../../../../../GameDev/Unreal/WesternShooter/Content/_Game/HUD/WeaponPickupWidgetBP.uasset" 253
"../../../../../../GameDev/Unreal/WesternShooter/Content/ParagonLtBelica/FX/Materials/MaterialFunctions/Textures/Noise/T_TilingNoise16.uasset" 254
"../../../../../../GameDev/Unreal/WesternShooter/Content/ParagonLtBelica/FX/Materials/Heroes/M_Plasma_Shot_Shell.uasset" 255
"../../../../../../GameDev/Unreal/WesternShooter/Content/ParagonLtBelica/FX/Meshes/Heroes/SM_PlasmaShot_Shell.uasset" 256
"../../../../../../GameDev/Unreal/WesternShooter/Content/ParagonLtBelica/FX/Meshes/Shapes/SM_Shape_Flowerburst.uasset" 257
"../../../../../../GameDev/Unreal/WesternShooter/Content/ParagonLtBelica/FX/Textures/MuzzleFlashes/T_Muzzle_Flash.uasset" 258
"../../../../../../GameDev/Unreal/WesternShooter/Content/ParagonLtBelica/FX/Textures/MuzzleFlashes/T_Belica_MuzzleFlame.uasset" 259
"../../../../../../GameDev/Unreal/WesternShooter/Content/ParagonLtBelica/FX/Materials/MaterialFunctions/Textures/Noise/T_SmokeRend_N.uasset" 260
"../../../../../../GameDev/Unreal/WesternShooter/Content/ParagonLtBelica/FX/Textures/Tile/Noise/T_Soft_Noise.uasset" 261
"../../../Engine/Content/Functions/Engine_MaterialFunctions02/Texturing/CustomRotator.uasset" 262
"../../../../../../GameDev/Unreal/WesternShooter/Content/ParagonLtBelica/FX/Materials/MuzzleFlashes/Belica/M_UltMuzzleFlash.uasset" 263
"../../../../../../GameDev/Unreal/WesternShooter/Content/ParagonLtBelica/FX/Meshes/MuzzleFlashes/SM_Muzzle_Flash.uasset" 264
"../../../../../../GameDev/Unreal/WesternShooter/Content/ParagonLtBelica/FX/Materials/Heroes/Belica/Abilities/M_BelicaMuzzleFlare.uasset" 265
"../../../../../../GameDev/Unreal/WesternShooter/Content/ParagonLtBelica/FX/Materials/Heroes/Belica/Abilities/M_BelicaAirglow.uasset" 266
"../../../../../../GameDev/Unreal/WesternShooter/Content/ParagonLtBelica/FX/Textures/NormalShapes/T_Torus_N.uasset" 267
"../../../../../../GameDev/Unreal/WesternShooter/Content/ParagonLtBelica/FX/Textures/Masks/T_Shockwave.uasset" 268
"../../../../../../GameDev/Unreal/WesternShooter/Content/ParagonLtBelica/FX/Textures/Masks/T_FireBall_LerpMask.uasset" 269
"../../../../../../GameDev/Unreal/WesternShooter/Content/ParagonLtBelica/FX/Textures/NormalShapes/T_Sphere_N.uasset" 270
"../../../Engine/Content/EngineMaterials/Good64x64TilingNoiseHighFreq.uasset" 271
"../../../Engine/Content/Functions/Engine_MaterialFunctions02/Texturing/ScreenAlignedPixelToPixelUVs.uasset" 272
"../../../Engine/Content/Functions/Engine_MaterialFunctions02/Utility/DitherTemporalAA.uasset" 273
"../../../../../../GameDev/Unreal/WesternShooter/Content/ParagonLtBelica/FX/Materials/Functions/MF_DitheredRefraction.uasset" 274
"../../../../../../GameDev/Unreal/WesternShooter/Content/ParagonLtBelica/FX/Materials/Heroes/M_BelicaImpactRefraction.uasset" 275
"../../../../../../GameDev/Unreal/WesternShooter/Content/_Game/FX/VFX/C_Muzzle.uasset" 276
"../../../../../../GameDev/Unreal/WesternShooter/Content/_Game/Weapons/Models/Rifle_Skeleton.uasset" 277
"../../../../../../GameDev/Unreal/WesternShooter/Content/_Game/Weapons/Models/Rifle_PhysicsAsset.uasset" 278
"../../../../../../GameDev/Unreal/WesternShooter/Content/_Game/Weapons/Models/Rifle.uasset" 279
"../../../../../../GameDev/Unreal/WesternShooter/Content/_Game/Weapons/RifleBP.uasset" 280
"../../../Engine/Content/Animation/DefaultAnimCurveCompressionSettings.uasset" 281
"../../../Engine/Content/Animation/DefaultAnimBoneCompressionSettings.uasset" 282
"../../../../../../GameDev/Unreal/WesternShooter/Content/_Game/Character/Animations/StarterPack/C_Walk_Rt_Rifle_Ironsights.uasset" 283
"../../../../../../GameDev/Unreal/WesternShooter/Content/_Game/Character/Animations/StarterPack/C_Walk_Lt_Rifle_Ironsights.uasset" 284
"../../../../../../GameDev/Unreal/WesternShooter/Content/_Game/Character/Animations/StarterPack/C_Walk_Fwd_Rifle_Ironsights.uasset" 285
"../../../../../../GameDev/Unreal/WesternShooter/Content/_Game/Character/Animations/StarterPack/C_Walk_Bwd_Rifle_Ironsights.uasset" 286
"../../../../../../GameDev/Unreal/WesternShooter/Content/_Game/Character/WalkAimBlendSpace1D.uasset" 287
"../../../../../../GameDev/Unreal/WesternShooter/Content/_Game/Character/Animations/StarterPack/C_Idle_Rifle_Ironsights.uasset" 288
"../../../../../../GameDev/Unreal/WesternShooter/Content/_Game/Character/Animations/Mixamo/M_Turn_Right_45_In_Place.uasset" 289
"../../../../../../GameDev/Unreal/WesternShooter/Content/_Game/Character/Animations/Mixamo/M_Turn_Left_45_In_Place.uasset" 290
"../../../../../../GameDev/Unreal/WesternShooter/Content/_Game/Character/Animations/Mixamo/M_Turn_90_Right_In_Place.uasset" 291
"../../../../../../GameDev/Unreal/WesternShooter/Content/_Game/Character/Animations/Mixamo/M_Turn_90_Right.uasset" 292
"../../../../../../GameDev/Unreal/WesternShooter/Content/_Game/Character/Animations/Mixamo/M_Turn_90_Left_In_Place.uasset" 293
"../../../../../../GameDev/Unreal/WesternShooter/Content/_Game/Character/Animations/Mixamo/M_Turn_90_Left.uasset" 294
"../../../../../../GameDev/Unreal/WesternShooter/Content/_Game/Character/Animations/Mixamo/M_Rifle_Idle_Hip_02.uasset" 295
"../../../../../../GameDev/Unreal/WesternShooter/Content/_Game/Character/Animations/StarterPack/C_Idle_Rifle_Hip.uasset" 296
"../../../../../../GameDev/Unreal/WesternShooter/Content/_Game/Character/Animations/AimOffsets/Hip/AO_Hip_CC.uasset" 297
"../../../../../../GameDev/Unreal/WesternShooter/Content/_Game/Character/Animations/AimOffsets/Hip/AO_Hip_RU.uasset" 298
"../../../../../../GameDev/Unreal/WesternShooter/Content/_Game/Character/Animations/AimOffsets/Hip/AO_Hip_RC.uasset" 299
"../../../../../../GameDev/Unreal/WesternShooter/Content/_Game/Character/Animations/AimOffsets/Hip/AO_Hip_RB.uasset" 300
"../../../../../../GameDev/Unreal/WesternShooter/Content/_Game/Character/Animations/AimOffsets/Hip/AO_Hip_LU.uasset" 301
"../../../../../../GameDev/Unreal/WesternShooter/Content/_Game/Character/Animations/AimOffsets/Hip/AO_Hip_LC.uasset" 302
"../../../../../../GameDev/Unreal/WesternShooter/Content/_Game/Character/Animations/AimOffsets/Hip/AO_Hip_LB.uasset" 303
"../../../../../../GameDev/Unreal/WesternShooter/Content/_Game/Character/Animations/AimOffsets/Hip/AO_Hip_CU.uasset" 304
"../../../../../../GameDev/Unreal/WesternShooter/Content/_Game/Character/Animations/AimOffsets/Hip/AO_Hip_CB.uasset" 305
"../../../../../../GameDev/Unreal/WesternShooter/Content/_Game/Character/Animations/AimOffsets/Hip/AO_Hip.uasset" 306
"../../../../../../GameDev/Unreal/WesternShooter/Content/_Game/Character/Animations/AimOffsets/Aim/AO_Aim_CC.uasset" 307
"../../../../../../GameDev/Unreal/WesternShooter/Content/_Game/Character/Animations/AimOffsets/Aim/AO_Aim_RU.uasset" 308
"../../../../../../GameDev/Unreal/WesternShooter/Content/_Game/Character/Animations/AimOffsets/Aim/AO_Aim_RC.uasset" 309
"../../../../../../GameDev/Unreal/WesternShooter/Content/_Game/Character/Animations/AimOffsets/Aim/AO_Aim_RB.uasset" 310
"../../../../../../GameDev/Unreal/WesternShooter/Content/_Game/Character/Animations/AimOffsets/Aim/AO_Aim_LU.uasset" 311
"../../../../../../GameDev/Unreal/WesternShooter/Content/_Game/Character/Animations/AimOffsets/Aim/AO_Aim_LC.uasset" 312
"../../../../../../GameDev/Unreal/WesternShooter/Content/_Game/Character/Animations/AimOffsets/Aim/AO_Aim_LB.uasset" 313
"../../../../../../GameDev/Unreal/WesternShooter/Content/_Game/Character/Animations/AimOffsets/Aim/AO_Aim_CU.uasset" 314
"../../../../../../GameDev/Unreal/WesternShooter/Content/_Game/Character/Animations/AimOffsets/Aim/AO_Aim_CB.uasset" 315
"../../../../../../GameDev/Unreal/WesternShooter/Content/_Game/Character/Animations/AimOffsets/Aim/AO_Aim.uasset" 316
"../../../../../../GameDev/Unreal/WesternShooter/Content/_Game/Character/Animations/StarterPack/C_Sprint_Fwd_Rifle.uasset" 317
"../../../../../../GameDev/Unreal/WesternShooter/Content/_Game/Character/Animations/StarterPack/C_Jog_Rt_Rifle.uasset" 318
"../../../../../../GameDev/Unreal/WesternShooter/Content/_Game/Character/Animations/StarterPack/C_Jog_Lt_Rifle.uasset" 319
"../../../../../../GameDev/Unreal/WesternShooter/Content/_Game/Character/Animations/StarterPack/C_Jog_Fwd_Rifle.uasset" 320
"../../../../../../GameDev/Unreal/WesternShooter/Content/_Game/Character/Animations/StarterPack/C_Jog_Bwd_Rifle.uasset" 321
"../../../../../../GameDev/Unreal/WesternShooter/Content/_Game/Character/RunningBlendSpace.uasset" 322
"../../../../../../GameDev/Unreal/WesternShooter/Content/_Game/Character/ShooterAnimBP.uasset" 323
"../../../../../../GameDev/Unreal/WesternShooter/Content/_Game/FX/SFX/Mag_Out_01.uasset" 324
"../../../../../../GameDev/Unreal/WesternShooter/Content/_Game/FX/SFX/Mag_In_01.uasset" 325
"../../../../../../GameDev/Unreal/WesternShooter/Content/_Game/Character/Animations/StarterPack/C_Reload_Rifle_Ironsights_Modified.uasset" 326
"../../../../../../GameDev/Unreal/WesternShooter/Content/_Game/Character/HipReloadAnimMontage.uasset" 327
"../../../../../../GameDev/Unreal/WesternShooter/Content/_Game/Character/Animations/StarterPack/C_Fire_Rifle_Hip.uasset" 328
"../../../../../../GameDev/Unreal/WesternShooter/Content/_Game/Character/Animations/StarterPack/C_Fire_Rifle_Ironsights.uasset" 329
"../../../../../../GameDev/Unreal/WesternShooter/Content/_Game/Character/HipFireAnimMontage.uasset" 330
"../../../../../../GameDev/Unreal/WesternShooter/Content/_Game/Character/HipAimFireAnimMontage.uasset" 331
"../../../../../../GameDev/Unreal/WesternShooter/Content/_Game/Character/ShooterCharacterBP.uasset" 332
"../../../../../../GameDev/Unreal/WesternShooter/Content/_Game/FX/Textures/AmmoIcons/rifle-bullet-outlined.uasset" 333
"../../../../../../GameDev/Unreal/WesternShooter/Content/_Game/HUD/AmmoCountBP.uasset" 334
"../../../../../../GameDev/Unreal/WesternShooter/Content/_Game/HUD/ShooterHUDOverlayBP.uasset" 335
"../../../../../../GameDev/Unreal/WesternShooter/Content/_Game/PlayerController/ShooterPlayerControllerBP.uasset" 336
"../../../../../../GameDev/Unreal/WesternShooter/Content/_Game/GameMode/MainMenuGameModeBP.uasset" 337
"../../../../../../GameDev/Unreal/WesternShooter/Content/_Game/HUD/MainMenuLevel.umap" 338
"../../../../../../GameDev/Unreal/WesternShooter/Content/_Game/Environment/Nature/Plants/SandGround.uasset" 339
"../../../../../../GameDev/Unreal/WesternShooter/Content/_Game/Environment/Nature/SandGroundBP.uasset" 340
"../../../../../../GameDev/Unreal/WesternShooter/Content/_Game/Environment/Nature/Cliffs/SM_Env_Cliff_Straight_01.uasset" 341
"../../../../../../GameDev/Unreal/WesternShooter/Content/_Game/Environment/Nature/CliffStraightBP.uasset" 342
"../../../../../../GameDev/Unreal/WesternShooter/Content/_Game/Environment/Nature/Cliffs/SM_Env_Cliff_Straight_02.uasset" 343
"../../../../../../GameDev/Unreal/WesternShooter/Content/_Game/Environment/Nature/CliffCurve02BP.uasset" 344
"../../../../../../GameDev/Unreal/WesternShooter/Content/_Game/Environment/Nature/Cliffs/SM_Env_Cliff_Curve_01.uasset" 345
"../../../../../../GameDev/Unreal/WesternShooter/Content/_Game/Environment/Nature/CliffCurve01BP.uasset" 346
"../../../../../../GameDev/Unreal/WesternShooter/Content/_Game/Materials/PostProcess/PP_Highlight.uasset" 347
"../../../../../../GameDev/Unreal/WesternShooter/Content/_Game/Maps/DefaultMap_BuiltData.uasset" 348
"../../../../../../GameDev/Unreal/WesternShooter/Content/_Game/FX/Textures/Crosshairs/Crosshair_Quad_9_Top.uasset" 349
"../../../../../../GameDev/Unreal/WesternShooter/Content/_Game/FX/Textures/Crosshairs/Crosshair_Quad_9_Right.uasset" 350
"../../../../../../GameDev/Unreal/WesternShooter/Content/_Game/FX/Textures/Crosshairs/Crosshair_Quad_9_Left.uasset" 351
"../../../../../../GameDev/Unreal/WesternShooter/Content/_Game/FX/Textures/Crosshairs/Crosshair_Quad_9_Bottom.uasset" 352
"../../../../../../GameDev/Unreal/WesternShooter/Content/_Game/HUD/ShooterHUDBP.uasset" 353
"../../../../../../GameDev/Unreal/WesternShooter/Content/_Game/GameMode/ShooterGameModeBaseBP.uasset" 354
"../../../../../../GameDev/Unreal/WesternShooter/Content/_Game/Environment/Rules/FRuleBP.uasset" 355
"../../../../../../GameDev/Unreal/WesternShooter/Content/_Game/Environment/Roads/Meshes/RoadPatch.uasset" 356
"../../../../../../GameDev/Unreal/WesternShooter/Content/_Game/Environment/Roads/RoadStraightBP.uasset" 357
"../../../../../../GameDev/Unreal/WesternShooter/Content/_Game/Environment/Roads/RoadPatchBP.uasset" 358
"../../../../../../GameDev/Unreal/WesternShooter/Content/_Game/Environment/Buildings/Meshes/Shed01.uasset" 359
"../../../../../../GameDev/Unreal/WesternShooter/Content/_Game/Environment/Nature/Nature06BP.uasset" 360
"../../../../../../GameDev/Unreal/WesternShooter/Content/_Game/Environment/Nature/Plants/NaturePack05.uasset" 361
"../../../../../../GameDev/Unreal/WesternShooter/Content/_Game/Environment/Nature/Nature05BP.uasset" 362
"../../../../../../GameDev/Unreal/WesternShooter/Content/_Game/Environment/Nature/Plants/NaturePack04.uasset" 363
"../../../../../../GameDev/Unreal/WesternShooter/Content/_Game/Environment/Nature/Nature04BP.uasset" 364
"../../../../../../GameDev/Unreal/WesternShooter/Content/_Game/Environment/Nature/Plants/NaturePack03.uasset" 365
"../../../../../../GameDev/Unreal/WesternShooter/Content/_Game/Environment/Nature/Nature03BP.uasset" 366
"../../../../../../GameDev/Unreal/WesternShooter/Content/_Game/Environment/Nature/Plants/NaturePack02.uasset" 367
"../../../../../../GameDev/Unreal/WesternShooter/Content/_Game/Environment/Nature/Nature02BP.uasset" 368
"../../../../../../GameDev/Unreal/WesternShooter/Content/_Game/Environment/Nature/Plants/NaturePack01.uasset" 369
"../../../../../../GameDev/Unreal/WesternShooter/Content/_Game/Environment/Nature/Nature01BP.uasset" 370
"../../../../../../GameDev/Unreal/WesternShooter/Content/_Game/FX/Textures/Polygon/PolygonWestern_Texture_03_B.uasset" 371
"../../../../../../GameDev/Unreal/WesternShooter/Content/_Game/Materials/Polygon/PolygonWestern_Material_03_B.uasset" 372
"../../../../../../GameDev/Unreal/WesternShooter/Content/_Game/FX/Textures/Polygon/PolygonWestern_Texture_01.uasset" 373
"../../../../../../GameDev/Unreal/WesternShooter/Content/_Game/Materials/Polygon/Glass.uasset" 374
"../../../../../../GameDev/Unreal/WesternShooter/Content/_Game/Environment/Buildings/Meshes/SmallBuilding04.uasset" 375
"../../../../../../GameDev/Unreal/WesternShooter/Content/_Game/Targets/Meshes/SM_Prop_Bottle_01_SM_Prop_Bottle_01.uasset" 376
"../../../../../../GameDev/Unreal/WesternShooter/Content/_Game/Targets/Meshes/BrokenBottle05.uasset" 377
"../../../../../../GameDev/Unreal/WesternShooter/Content/_Game/Targets/Meshes/BrokenBottle04.uasset" 378
"../../../../../../GameDev/Unreal/WesternShooter/Content/_Game/Targets/Meshes/BrokenBottle03.uasset" 379
"../../../../../../GameDev/Unreal/WesternShooter/Content/_Game/FX/Textures/Polygon/PolygonWestern_Texture_01_B.uasset" 380
"../../../../../../GameDev/Unreal/WesternShooter/Content/_Game/Materials/Polygon/PolygonWestern_Material_01_B.uasset" 381
"../../../../../../GameDev/Unreal/WesternShooter/Content/_Game/Targets/Meshes/BrokenBottle02.uasset" 382
"../../../../../../GameDev/Unreal/WesternShooter/Content/_Game/Targets/Meshes/BrokenBottle01.uasset" 383
"../../../../../../GameDev/Unreal/WesternShooter/Content/_Game/Targets/BrokenBottleBP.uasset" 384
"../../../../../../GameDev/Unreal/WesternShooter/Content/_Game/Materials/GlowMaterials/M_Item_Glow_Mat_Inst_2.uasset" 385
"../../../../../../GameDev/Unreal/WesternShooter/Content/_Game/FX/SFX/Glass/Glass_5.uasset" 386
"../../../../../../GameDev/Unreal/WesternShooter/Content/_Game/FX/SFX/Glass/Glass_4.uasset" 387
"../../../../../../GameDev/Unreal/WesternShooter/Content/_Game/FX/SFX/Glass/Glass_3.uasset" 388
"../../../../../../GameDev/Unreal/WesternShooter/Content/_Game/FX/SFX/Glass/GlassRandom.uasset" 389
"../../../../../../GameDev/Unreal/WesternShooter/Content/_Game/Targets/Bottle01BP.uasset" 390
"../../../../../../GameDev/Unreal/WesternShooter/Content/_Game/Environment/Buildings/SB_House04BP.uasset" 391
"../../../../../../GameDev/Unreal/WesternShooter/Content/_Game/FX/Textures/Polygon/PolygonWestern_Texture_02_A.uasset" 392
"../../../../../../GameDev/Unreal/WesternShooter/Content/_Game/Materials/Polygon/PolygonWestern_Material_02_A.uasset" 393
"../../../../../../GameDev/Unreal/WesternShooter/Content/_Game/Environment/Buildings/Meshes/SmallBuilding03.uasset" 394
"../../../../../../GameDev/Unreal/WesternShooter/Content/_Game/Environment/Buildings/SB_House03BP.uasset" 395
"../../../../../../GameDev/Unreal/WesternShooter/Content/_Game/Environment/Buildings/Meshes/SmallBuilding02.uasset" 396
"../../../../../../GameDev/Unreal/WesternShooter/Content/_Game/Environment/Buildings/SB_House02BP.uasset" 397
"../../../../../../GameDev/Unreal/WesternShooter/Content/_Game/Environment/Buildings/Meshes/SmallBuilding01.uasset" 398
"../../../../../../GameDev/Unreal/WesternShooter/Content/_Game/Environment/Buildings/SB_House01BP.uasset" 399
"../../../../../../GameDev/Unreal/WesternShooter/Content/_Game/FX/Textures/Polygon/PolygonWestern_Texture_04.uasset" 400
"../../../../../../GameDev/Unreal/WesternShooter/Content/_Game/FX/Textures/Polygon/Emissive_01.uasset" 401
"../../../../../../GameDev/Unreal/WesternShooter/Content/_Game/Materials/Polygon/PolygonWestern_Material_04_A.uasset" 402
"../../../../../../GameDev/Unreal/WesternShooter/Content/_Game/FX/Textures/Polygon/PolygonWestern_Sign_01.uasset" 403
"../../../../../../GameDev/Unreal/WesternShooter/Content/_Game/Materials/Polygon/POLYGONWestern_Signs_01.uasset" 404
"../../../../../../GameDev/Unreal/WesternShooter/Content/_Game/Environment/Buildings/Meshes/Sheriff.uasset" 405
"../../../../../../GameDev/Unreal/WesternShooter/Content/_Game/Environment/Buildings/MB_SheriffBP.uasset" 406
"../../../../../../GameDev/Unreal/WesternShooter/Content/_Game/Environment/Buildings/Meshes/BarberShop.uasset" 407
"../../../../../../GameDev/Unreal/WesternShooter/Content/_Game/Environment/Buildings/MB_BArberShopBP.uasset" 408
"../../../../../../GameDev/Unreal/WesternShooter/Content/_Game/FX/Textures/Polygon/PolygonWestern_Texture_02_C.uasset" 409
"../../../../../../GameDev/Unreal/WesternShooter/Content/_Game/Materials/Polygon/PolygonWestern_Material_02_C.uasset" 410
"../../../../../../GameDev/Unreal/WesternShooter/Content/_Game/Environment/Buildings/Meshes/TradingPost.uasset" 411
"../../../../../../GameDev/Unreal/WesternShooter/Content/_Game/Environment/Buildings/Meshes/Stagecoach02.uasset" 412
"../../../../../../GameDev/Unreal/WesternShooter/Content/_Game/Environment/Buildings/LB_TradingPostBP.uasset" 413
"../../../../../../GameDev/Unreal/WesternShooter/Content/_Game/Environment/Buildings/Meshes/Stagecoach01.uasset" 414
"../../../../../../GameDev/Unreal/WesternShooter/Content/_Game/FX/Textures/Polygon/PolygonWestern_Texture_03.uasset" 415
"../../../../../../GameDev/Unreal/WesternShooter/Content/_Game/Materials/Polygon/PolygonWestern_Material_03_A.uasset" 416
"../../../../../../GameDev/Unreal/WesternShooter/Content/_Game/FX/Textures/Polygon/PolygonWestern_Texture_02_B.uasset" 417
"../../../../../../GameDev/Unreal/WesternShooter/Content/_Game/Materials/Polygon/PolygonWestern_Material_02_B.uasset" 418
"../../../../../../GameDev/Unreal/WesternShooter/Content/_Game/Environment/Buildings/Meshes/GrandHotel.uasset" 419
"../../../../../../GameDev/Unreal/WesternShooter/Content/_Game/Environment/Buildings/LB_GrandHotelBP.uasset" 420
"../../../../../../GameDev/Unreal/WesternShooter/Content/_Game/Environment/VisualizerBP.uasset" 421
"../../../../../../GameDev/Unreal/WesternShooter/Content/_Game/FX/Textures/ButtonIcons/keyboard-key-empty-outlined.uasset" 422
"../../../../../../GameDev/Unreal/WesternShooter/Content/_Game/FX/Textures/AmmoIcons/rifle-bullet.uasset" 423
"../../../../../../GameDev/Unreal/WesternShooter/Content/_Game/HUD/AmmoPickupWidgetBP.uasset" 424
"../../../../../../GameDev/Unreal/WesternShooter/Content/_Game/FX/SFX/Bullet_In_04.uasset" 425
"../../../../../../GameDev/Unreal/WesternShooter/Content/_Game/FX/SFX/Ammo_Pickup.uasset" 426
"../../../../../../GameDev/Unreal/WesternShooter/Content/_Game/Ammo/Meshes/AmmoRifle.uasset" 427
"../../../../../../GameDev/Unreal/WesternShooter/Content/_Game/Ammo/AmmoRifleBP.uasset" 428
"../../../Engine/Content/EngineSky/T_Sky_Blue.uasset" 429
"../../../Engine/Content/EngineSky/T_Sky_Clouds_M.uasset" 430
"../../../Engine/Content/EngineSky/T_Sky_Stars.uasset" 431
"../../../Engine/Content/EngineSky/M_Sky_Panning_Clouds2.uasset" 432
"../../../Engine/Content/EngineSky/SM_SkySphere.uasset" 433
"../../../Engine/Content/EngineSky/C_Sky_Zenith_Color.uasset" 434
"../../../Engine/Content/EngineSky/C_Sky_Horizon_Color.uasset" 435
"../../../Engine/Content/EngineSky/C_Sky_Cloud_Color.uasset" 436
"../../../Engine/Content/EngineSky/BP_Sky_Sphere.uasset" 437
"../../../../../../GameDev/Unreal/WesternShooter/Content/_Game/Maps/DefaultMap.umap" 438
"../../../Engine/Content/Maps/Entry_BuiltData.uasset" 439
"../../../Engine/Content/Maps/Entry.umap" 440
